<html>
<head>
<title>TestNG:  Regression</title>
<link href="../testng.css" rel="stylesheet" type="text/css" />
<link href="../my-testng.css" rel="stylesheet" type="text/css" />

<style type="text/css">
.log { display: none;} 
.stack-trace { display: none;} 
</style>
<script type="text/javascript">
<!--
function flip(e) {
  current = e.style.display;
  if (current == 'block') {
    e.style.display = 'none';
    return 0;
  }
  else {
    e.style.display = 'block';
    return 1;
  }
}

function toggleBox(szDivId, elem, msg1, msg2)
{
  var res = -1;  if (document.getElementById) {
    res = flip(document.getElementById(szDivId));
  }
  else if (document.all) {
    // this is the way old msie versions work
    res = flip(document.all[szDivId]);
  }
  if(elem) {
    if(res == 0) elem.innerHTML = msg1; else elem.innerHTML = msg2;
  }

}

function toggleAllBoxes() {
  if (document.getElementsByTagName) {
    d = document.getElementsByTagName('div');
    for (i = 0; i < d.length; i++) {
      if (d[i].className == 'log') {
        flip(d[i]);
      }
    }
  }
}

// -->
</script>

</head>
<body>
<h2 align='center'>Regression</h2><table border='1' align="center">
<tr>
<td>Tests passed/Failed/Skipped:</td><td>11/0/1</td>
</tr><tr>
<td>Started on:</td><td>Fri May 03 14:49:36 EEST 2024</td>
</tr>
<tr><td>Total time:</td><td>41 seconds (41243 ms)</td>
</tr><tr>
<td>Included groups:</td><td></td>
</tr><tr>
<td>Excluded groups:</td><td></td>
</tr>
</table><p/>
<small><i>(Hover the method name to see the test class name)</i></small><p/>
<table width='100%' border='1' class='invocation-passed'>
<tr><td colspan='4' align='center'><b>PASSED TESTS</b></td></tr>
<tr><td><b>Test method</b></td>
<td><b>Attribute(s)</b></td>
<td width="30%"><b>Exception</b></td>
<td width="10%"><b>Time (seconds)</b></td>
<td><b>Instance</b></td>
</tr>
<tr>
<td title='tests.T04_ChangePassword.changePass()'><b>changePass</b><br>Test class: tests.T04_ChangePassword<br>Parameters: {password=H!Uha2k84XByJA, fName=farid, month=9, Lname=ahmed, year=1994, company=twitter, day=5, email=fariidahmed85@yahoo.com}</td>
<td></td>
<td>1</td>
<td>tests.T04_ChangePassword@7862f56</td></tr>
<tr>
<td title='tests.T01_Regirstration.register()'><b>register</b><br>Test class: tests.T01_Regirstration<br>Parameters: {password=H!Uha2k84XByJA, fName=sara, month=11, Lname=ali, year=1991, company=microsoft, day=3, email=saralii99@yahoo.com}</td>
<td></td>
<td>3</td>
<td>tests.T01_Regirstration@176b3f44</td></tr>
<tr>
<td title='tests.T02_Login.register()'><b>register</b><br>Test class: tests.T02_Login<br>Parameters: {password=H!Uha2k84XByJA, fName=mohamed, month=6, Lname=ahmed, year=1990, company=google, day=1, email=mohamedaahmedd52@yahoo.com}</td>
<td></td>
<td>4</td>
<td>tests.T02_Login@4fad9bb2</td></tr>
<tr>
<td title='tests.T03_Search.searchByAutoSuggs()'><b>searchByAutoSuggs</b><br>Test class: tests.T03_Search</td>
<td></td>
<td>1</td>
<td>tests.T03_Search@517d4a0d</td></tr>
<tr>
<td title='tests.T04_ChangePassword.register()'><b>register</b><br>Test class: tests.T04_ChangePassword<br>Parameters: {password=H!Uha2k84XByJA, fName=farid, month=9, Lname=ahmed, year=1994, company=twitter, day=5, email=fariidahmed85@yahoo.com}</td>
<td></td>
<td>2</td>
<td>tests.T04_ChangePassword@7862f56</td></tr>
<tr>
<td title='tests.T05_Cart.addProdToCart()'><b>addProdToCart</b><br>Test class: tests.T05_Cart</td>
<td></td>
<td>0</td>
<td>tests.T05_Cart@3a12c404</td></tr>
<tr>
<td title='tests.T05_Cart.verifyProdAddedToCart()'><b>verifyProdAddedToCart</b><br>Test class: tests.T05_Cart</td>
<td></td>
<td>0</td>
<td>tests.T05_Cart@3a12c404</td></tr>
<tr>
<td title='tests.T03_Search.searchByProdName()'><b>searchByProdName</b><br>Test class: tests.T03_Search</td>
<td></td>
<td>0</td>
<td>tests.T03_Search@517d4a0d</td></tr>
<tr>
<td title='tests.T02_Login.testLogin()'><b>testLogin</b><br>Test class: tests.T02_Login<br>Parameters: {password=H!Uha2k84XByJA, fName=mohamed, month=6, Lname=ahmed, year=1990, company=google, day=1, email=mohamedaahmedd52@yahoo.com}</td>
<td></td>
<td>1</td>
<td>tests.T02_Login@4fad9bb2</td></tr>
<tr>
<td title='tests.T04_ChangePassword.login()'><b>login</b><br>Test class: tests.T04_ChangePassword<br>Parameters: {password=H!Uha2k84XByJA, fName=farid, month=9, Lname=ahmed, year=1994, company=twitter, day=5, email=fariidahmed85@yahoo.com}</td>
<td></td>
<td>1</td>
<td>tests.T04_ChangePassword@7862f56</td></tr>
<tr>
<td title='tests.T05_Cart.searchByProdName()'><b>searchByProdName</b><br>Test class: tests.T05_Cart</td>
<td></td>
<td>0</td>
<td>tests.T05_Cart@3a12c404</td></tr>
</table><p>
<table width='100%' border='1' class='invocation-skipped'>
<tr><td colspan='4' align='center'><b>SKIPPED TESTS</b></td></tr>
<tr><td><b>Test method</b></td>
<td><b>Attribute(s)</b></td>
<td width="30%"><b>Exception</b></td>
<td width="10%"><b>Time (seconds)</b></td>
<td><b>Instance</b></td>
</tr>
<tr>
<td title='tests.T05_Cart.addProdToCart()'><b>addProdToCart</b><br>Test class: tests.T05_Cart</td>
<td><div><pre>org.openqa.selenium.TimeoutException: Expected condition failed: waiting for visibility of all elements located by By.cssSelector: div[class*=&apos;bar-notification&apos;] (tried for 10 second(s) with 500 milliseconds interval)
Build info: version: &apos;4.16.1&apos;, revision: &apos;9b4c83354e&apos;
System info: os.name: &apos;Windows 11&apos;, os.arch: &apos;amd64&apos;, os.version: &apos;10.0&apos;, java.version: &apos;21.0.1&apos;
Driver info: org.openqa.selenium.chrome.ChromeDriver
Capabilities {acceptInsecureCerts: false, browserName: chrome, browserVersion: 124.0.6367.119, chrome: {chromedriverVersion: 124.0.6367.91 (51df0e5e17a8..., userDataDir: C:\Users\DELL\AppData\Local...}, fedcm:accounts: true, goog:chromeOptions: {debuggerAddress: localhost:50298}, networkConnectionEnabled: false, pageLoadStrategy: normal, platformName: windows, proxy: Proxy(), se:cdp: ws://localhost:50298/devtoo..., se:cdpVersion: 124.0.6367.119, setWindowRect: true, strictFileInteractability: false, timeouts: {implicit: 0, pageLoad: 300000, script: 30000}, unhandledPromptBehavior: dismiss and notify, webauthn:extension:credBlob: true, webauthn:extension:largeBlob: true, webauthn:extension:minPinLength: true, webauthn:extension:prf: true, webauthn:virtualAuthenticators: true}
Session ID: cc297d401e03d93e5ed51a2efc8b69f6
	at org.openqa.selenium.support.ui.WebDriverWait.timeoutException(WebDriverWait.java:84)
	at org.openqa.selenium.support.ui.FluentWait.until(FluentWait.java:229)
	at bases.BasePage.waitForVisibiltyOfElem(BasePage.java:25)
	at pages.P03_Search.getSuccessMessg(P03_Search.java:60)
	at tests.T05_Cart.addProdToCart(T05_Cart.java:33)
	at java.base/java.util.ArrayList.forEach(ArrayList.java:1596)
... Removed 25 stack frames</pre></div><a href='#' onClick='toggleBox("stack-trace798874225", this, "Click to show all stack frames", "Click to hide stack frames")'>Click to show all stack frames</a>
<div class='stack-trace' id='stack-trace798874225'><pre>org.openqa.selenium.TimeoutException: Expected condition failed: waiting for visibility of all elements located by By.cssSelector: div[class*=&apos;bar-notification&apos;] (tried for 10 second(s) with 500 milliseconds interval)
Build info: version: &apos;4.16.1&apos;, revision: &apos;9b4c83354e&apos;
System info: os.name: &apos;Windows 11&apos;, os.arch: &apos;amd64&apos;, os.version: &apos;10.0&apos;, java.version: &apos;21.0.1&apos;
Driver info: org.openqa.selenium.chrome.ChromeDriver
Capabilities {acceptInsecureCerts: false, browserName: chrome, browserVersion: 124.0.6367.119, chrome: {chromedriverVersion: 124.0.6367.91 (51df0e5e17a8..., userDataDir: C:\Users\DELL\AppData\Local...}, fedcm:accounts: true, goog:chromeOptions: {debuggerAddress: localhost:50298}, networkConnectionEnabled: false, pageLoadStrategy: normal, platformName: windows, proxy: Proxy(), se:cdp: ws://localhost:50298/devtoo..., se:cdpVersion: 124.0.6367.119, setWindowRect: true, strictFileInteractability: false, timeouts: {implicit: 0, pageLoad: 300000, script: 30000}, unhandledPromptBehavior: dismiss and notify, webauthn:extension:credBlob: true, webauthn:extension:largeBlob: true, webauthn:extension:minPinLength: true, webauthn:extension:prf: true, webauthn:virtualAuthenticators: true}
Session ID: cc297d401e03d93e5ed51a2efc8b69f6
	at org.openqa.selenium.support.ui.WebDriverWait.timeoutException(WebDriverWait.java:84)
	at org.openqa.selenium.support.ui.FluentWait.until(FluentWait.java:229)
	at bases.BasePage.waitForVisibiltyOfElem(BasePage.java:25)
	at pages.P03_Search.getSuccessMessg(P03_Search.java:60)
	at tests.T05_Cart.addProdToCart(T05_Cart.java:33)
	at java.base/jdk.internal.reflect.DirectMethodHandleAccessor.invoke(DirectMethodHandleAccessor.java:103)
	at java.base/java.lang.reflect.Method.invoke(Method.java:580)
	at org.testng.internal.invokers.MethodInvocationHelper.invokeMethod(MethodInvocationHelper.java:139)
	at org.testng.internal.invokers.TestInvoker.invokeMethod(TestInvoker.java:664)
	at org.testng.internal.invokers.TestInvoker.invokeTestMethod(TestInvoker.java:227)
	at org.testng.internal.invokers.MethodRunner.runInSequence(MethodRunner.java:50)
	at org.testng.internal.invokers.TestInvoker$MethodInvocationAgent.invoke(TestInvoker.java:957)
	at org.testng.internal.invokers.TestInvoker.invokeTestMethods(TestInvoker.java:200)
	at org.testng.internal.invokers.TestMethodWorker.invokeTestMethods(TestMethodWorker.java:148)
	at org.testng.internal.invokers.TestMethodWorker.run(TestMethodWorker.java:128)
	at java.base/java.util.ArrayList.forEach(ArrayList.java:1596)
	at org.testng.TestRunner.privateRun(TestRunner.java:848)
	at org.testng.TestRunner.run(TestRunner.java:621)
	at org.testng.SuiteRunner.runTest(SuiteRunner.java:443)
	at org.testng.SuiteRunner.runSequentially(SuiteRunner.java:437)
	at org.testng.SuiteRunner.privateRun(SuiteRunner.java:397)
	at org.testng.SuiteRunner.run(SuiteRunner.java:336)
	at org.testng.SuiteRunnerWorker.runSuite(SuiteRunnerWorker.java:52)
	at org.testng.SuiteRunnerWorker.run(SuiteRunnerWorker.java:95)
	at org.testng.TestNG.runSuitesSequentially(TestNG.java:1280)
	at org.testng.TestNG.runSuitesLocally(TestNG.java:1200)
	at org.testng.TestNG.runSuites(TestNG.java:1114)
	at org.testng.TestNG.run(TestNG.java:1082)
	at org.testng.remote.AbstractRemoteTestNG.run(AbstractRemoteTestNG.java:115)
	at org.testng.remote.RemoteTestNG.initAndRun(RemoteTestNG.java:293)
	at org.testng.remote.RemoteTestNG.main(RemoteTestNG.java:91)
</pre></div></td>
<td>10</td>
<td>tests.T05_Cart@3a12c404</td></tr>
</table><p>
</body>
</html>