<?xml version="1.0" encoding="UTF-8"?>
<!-- Generated by org.testng.reporters.JUnitXMLReporter -->
<testsuite ignored="0" hostname="DESKTOP-TO5HMTO" failures="1" tests="11" name="Regression" time="34.812" errors="0" timestamp="2024-05-03T17:41:35 EEST">
  <testcase classname="tests.T01_Regirstration" name="register" time="2.974"/>
  <testcase classname="tests.T02_Login" name="register" time="3.229"/>
  <testcase classname="tests.T02_Login" name="testLogin" time="1.373"/>
  <testcase classname="tests.T03_Search" name="searchByProdName" time="1.146"/>
  <testcase classname="tests.T03_Search" name="searchByAutoSuggs" time="1.109">
    <failure type="java.lang.AssertionError" message="expected [false] but found [true]">
      <![CDATA[java.lang.AssertionError: expected [false] but found [true]
at tests.T03_Search.searchByAutoSuggs(T03_Search.java:30)
at java.base/java.util.ArrayList.forEach(ArrayList.java:1596)
... Removed 29 stack frames]]>
    </failure>
  </testcase> <!-- searchByAutoSuggs -->
  <testcase classname="tests.T04_ChangePassword" name="register" time="3.398"/>
  <testcase classname="tests.T04_ChangePassword" name="login" time="1.325"/>
  <testcase classname="tests.T04_ChangePassword" name="changePass" time="1.56"/>
  <testcase classname="tests.T05_Cart" name="searchByProdName" time="0.963"/>
  <testcase classname="tests.T05_Cart" name="addProdToCart" time="0.851"/>
  <testcase classname="tests.T05_Cart" name="verifyProdAddedToCart" time="0.815"/>
</testsuite> <!-- Regression -->
